<?xml version="1.0" encoding="UTF-8"?>
<testng-results total="0" passed="0" failed="0" skipped="0">
  <reporter-output>
  </reporter-output>
  <suite started-at="2020-12-30T00:19:40Z" name="Academy.E2EProjects.MainTest" finished-at="2020-12-30T00:19:40Z" duration-ms="7">
    <groups>
    </groups>
    <test started-at="2020-12-30T00:19:40Z" name="Command line test" finished-at="2020-12-30T00:19:40Z" duration-ms="7">
    </test> <!-- Command line test -->
  </suite> <!-- Academy.E2EProjects.MainTest -->
</testng-results>
